2024-12-06 13:14:39,527 INFO P.H.HelperSduBotApplication [main] Starting HelperSduBotApplication using Java 21.0.5 with PID 1000 (C:\Users\Dimash\OneDrive\Рабочий стол\Helper_SDUBot\Helper_SDUBot\target\classes started by Dimash in C:\Users\Dimash\OneDrive\Рабочий стол\Helper_SDUBot)
2024-12-06 13:14:39,529 INFO P.H.HelperSduBotApplication [main] No active profile set, falling back to 1 default profile: "default"
2024-12-06 13:14:41,199 INFO P.H.HelperSduBotApplication [main] Started HelperSduBotApplication in 2.134 seconds (process running for 3.257)
2024-12-06 13:14:45,297 INFO P.H.s.SHA_MainService [Sdu_HelperAppBot Telegram Executor] Answered to user
2024-12-06 16:41:19,265 INFO P.H.HelperSduBotApplication [main] Starting HelperSduBotApplication using Java 21.0.5 with PID 32688 (C:\Users\Dimash\OneDrive\Рабочий стол\Helper_SDUBot\Helper_SDUBot\target\classes started by Dimash in C:\Users\Dimash\OneDrive\Рабочий стол\Helper_SDUBot)
2024-12-06 16:41:19,266 INFO P.H.HelperSduBotApplication [main] No active profile set, falling back to 1 default profile: "default"
2024-12-06 16:41:20,879 INFO P.H.HelperSduBotApplication [main] Started HelperSduBotApplication in 2.003 seconds (process running for 3.136)
2024-12-06 16:41:29,311 INFO P.H.s.SHA_MainService [Sdu_HelperAppBot Telegram Executor] Answered to user
2024-12-06 16:41:29,473 ERROR o.t.t.u.DefaultBotSession [Sdu_HelperAppBot Telegram Executor] Cannot invoke "String.isEmpty()" because "this.text" is null
java.lang.NullPointerException: Cannot invoke "String.isEmpty()" because "this.text" is null
	at org.telegram.telegrambots.meta.api.methods.send.SendMessage.validate(SendMessage.java:137)
	at org.telegram.telegrambots.bots.DefaultAbsSender.sendMethodRequest(DefaultAbsSender.java:1140)
	at org.telegram.telegrambots.bots.DefaultAbsSender.sendApiMethod(DefaultAbsSender.java:1114)
	at org.telegram.telegrambots.meta.bots.AbsSender.execute(AbsSender.java:64)
	at Project.Helper_SDUBot.service.SHA_MainService.sendReplyKeyboardMarkup(SHA_MainService.java:93)
	at Project.Helper_SDUBot.service.SHA_MainService.onUpdateReceived(SHA_MainService.java:42)
	at java.base/java.util.ArrayList.forEach(ArrayList.java:1596)
	at org.telegram.telegrambots.meta.generics.LongPollingBot.onUpdatesReceived(LongPollingBot.java:27)
	at org.telegram.telegrambots.updatesreceivers.DefaultBotSession$HandlerThread.run(DefaultBotSession.java:312)
2024-12-06 16:41:47,332 INFO P.H.s.SHA_MainService [Sdu_HelperAppBot Telegram Executor] Answered to user
2024-12-06 16:41:47,508 ERROR o.t.t.u.DefaultBotSession [Sdu_HelperAppBot Telegram Executor] Cannot invoke "String.isEmpty()" because "this.text" is null
java.lang.NullPointerException: Cannot invoke "String.isEmpty()" because "this.text" is null
	at org.telegram.telegrambots.meta.api.methods.send.SendMessage.validate(SendMessage.java:137)
	at org.telegram.telegrambots.bots.DefaultAbsSender.sendMethodRequest(DefaultAbsSender.java:1140)
	at org.telegram.telegrambots.bots.DefaultAbsSender.sendApiMethod(DefaultAbsSender.java:1114)
	at org.telegram.telegrambots.meta.bots.AbsSender.execute(AbsSender.java:64)
	at Project.Helper_SDUBot.service.SHA_MainService.sendReplyKeyboardMarkup(SHA_MainService.java:93)
	at Project.Helper_SDUBot.service.SHA_MainService.onUpdateReceived(SHA_MainService.java:42)
	at java.base/java.util.ArrayList.forEach(ArrayList.java:1596)
	at org.telegram.telegrambots.meta.generics.LongPollingBot.onUpdatesReceived(LongPollingBot.java:27)
	at org.telegram.telegrambots.updatesreceivers.DefaultBotSession$HandlerThread.run(DefaultBotSession.java:312)
2024-12-06 16:44:42,698 INFO P.H.HelperSduBotApplication [main] Starting HelperSduBotApplication using Java 21.0.5 with PID 31276 (C:\Users\Dimash\OneDrive\Рабочий стол\Helper_SDUBot\Helper_SDUBot\target\classes started by Dimash in C:\Users\Dimash\OneDrive\Рабочий стол\Helper_SDUBot)
2024-12-06 16:44:42,700 INFO P.H.HelperSduBotApplication [main] No active profile set, falling back to 1 default profile: "default"
2024-12-06 16:44:44,579 INFO P.H.HelperSduBotApplication [main] Started HelperSduBotApplication in 3.568 seconds (process running for 4.84)
2024-12-06 16:44:48,226 INFO P.H.s.SHA_MainService [Sdu_HelperAppBot Telegram Executor] Answered to user
2024-12-06 16:45:26,764 INFO P.H.HelperSduBotApplication [main] Starting HelperSduBotApplication using Java 21.0.5 with PID 11924 (C:\Users\Dimash\OneDrive\Рабочий стол\Helper_SDUBot\Helper_SDUBot\target\classes started by Dimash in C:\Users\Dimash\OneDrive\Рабочий стол\Helper_SDUBot)
2024-12-06 16:45:26,765 INFO P.H.HelperSduBotApplication [main] No active profile set, falling back to 1 default profile: "default"
2024-12-06 16:45:28,720 INFO P.H.HelperSduBotApplication [main] Started HelperSduBotApplication in 2.411 seconds (process running for 3.819)
2024-12-06 16:45:35,162 INFO P.H.s.SHA_MainService [Sdu_HelperAppBot Telegram Executor] Answered to user
2024-12-06 16:47:02,524 INFO P.H.HelperSduBotApplication [main] Starting HelperSduBotApplication using Java 21.0.5 with PID 25392 (C:\Users\Dimash\OneDrive\Рабочий стол\Helper_SDUBot\Helper_SDUBot\target\classes started by Dimash in C:\Users\Dimash\OneDrive\Рабочий стол\Helper_SDUBot)
2024-12-06 16:47:02,525 INFO P.H.HelperSduBotApplication [main] No active profile set, falling back to 1 default profile: "default"
2024-12-06 16:47:03,981 INFO P.H.HelperSduBotApplication [main] Started HelperSduBotApplication in 1.862 seconds (process running for 3.069)
2024-12-06 16:47:10,883 INFO P.H.s.SHA_MainService [Sdu_HelperAppBot Telegram Executor] Answered to user
2024-12-06 16:48:23,696 INFO P.H.HelperSduBotApplication [main] Starting HelperSduBotApplication using Java 21.0.5 with PID 31352 (C:\Users\Dimash\OneDrive\Рабочий стол\Helper_SDUBot\Helper_SDUBot\target\classes started by Dimash in C:\Users\Dimash\OneDrive\Рабочий стол\Helper_SDUBot)
2024-12-06 16:48:23,698 INFO P.H.HelperSduBotApplication [main] No active profile set, falling back to 1 default profile: "default"
2024-12-06 16:48:25,395 INFO P.H.HelperSduBotApplication [main] Started HelperSduBotApplication in 2.039 seconds (process running for 3.039)
2024-12-06 16:48:30,111 INFO P.H.s.SHA_MainService [Sdu_HelperAppBot Telegram Executor] Answered to user
2024-12-06 18:20:01,639 INFO P.H.HelperSduBotApplication [main] Starting HelperSduBotApplication using Java 21.0.5 with PID 29440 (C:\Users\Dimash\OneDrive\Рабочий стол\Helper_SDUBot\Helper_SDUBot\target\classes started by Dimash in C:\Users\Dimash\OneDrive\Рабочий стол\Helper_SDUBot)
2024-12-06 18:20:01,641 INFO P.H.HelperSduBotApplication [main] No active profile set, falling back to 1 default profile: "default"
2024-12-06 18:20:03,262 INFO P.H.HelperSduBotApplication [main] Started HelperSduBotApplication in 2.086 seconds (process running for 3.205)
2024-12-06 18:20:07,284 INFO P.H.s.SHA_MainService [Sdu_HelperAppBot Telegram Executor] Answered to user
2024-12-06 18:21:50,999 INFO P.H.HelperSduBotApplication [main] Starting HelperSduBotApplication using Java 21.0.5 with PID 2912 (C:\Users\Dimash\OneDrive\Рабочий стол\Helper_SDUBot\Helper_SDUBot\target\classes started by Dimash in C:\Users\Dimash\OneDrive\Рабочий стол\Helper_SDUBot)
2024-12-06 18:21:51,001 INFO P.H.HelperSduBotApplication [main] No active profile set, falling back to 1 default profile: "default"
2024-12-06 18:21:52,405 INFO P.H.HelperSduBotApplication [main] Started HelperSduBotApplication in 1.785 seconds (process running for 2.753)
2024-12-06 18:21:58,513 INFO P.H.s.SHA_MainService [Sdu_HelperAppBot Telegram Executor] Answered to user
2024-12-06 18:36:21,850 INFO P.H.HelperSduBotApplication [main] Starting HelperSduBotApplication using Java 21.0.5 with PID 31204 (C:\Users\Dimash\OneDrive\Рабочий стол\Helper_SDUBot\Helper_SDUBot\target\classes started by Dimash in C:\Users\Dimash\OneDrive\Рабочий стол\Helper_SDUBot)
2024-12-06 18:36:21,852 INFO P.H.HelperSduBotApplication [main] No active profile set, falling back to 1 default profile: "default"
2024-12-06 18:36:23,664 INFO P.H.HelperSduBotApplication [main] Started HelperSduBotApplication in 2.256 seconds (process running for 7.125)
2024-12-06 18:36:54,089 INFO P.H.s.SHA_MainService [Sdu_HelperAppBot Telegram Executor] Answered to user
2024-12-06 18:36:54,522 ERROR o.t.t.u.DefaultBotSession [Sdu_HelperAppBot Telegram Executor] Cannot invoke "org.telegram.telegrambots.meta.api.objects.CallbackQuery.getData()" because the return value of "org.telegram.telegrambots.meta.api.objects.Update.getCallbackQuery()" is null
java.lang.NullPointerException: Cannot invoke "org.telegram.telegrambots.meta.api.objects.CallbackQuery.getData()" because the return value of "org.telegram.telegrambots.meta.api.objects.Update.getCallbackQuery()" is null
	at Project.Helper_SDUBot.service.SHA_MainService.onUpdateReceived(SHA_MainService.java:52)
	at java.base/java.util.ArrayList.forEach(ArrayList.java:1596)
	at org.telegram.telegrambots.meta.generics.LongPollingBot.onUpdatesReceived(LongPollingBot.java:27)
	at org.telegram.telegrambots.updatesreceivers.DefaultBotSession$HandlerThread.run(DefaultBotSession.java:312)
2024-12-06 18:38:22,468 INFO P.H.HelperSduBotApplication [main] Starting HelperSduBotApplication using Java 21.0.5 with PID 28692 (C:\Users\Dimash\OneDrive\Рабочий стол\Helper_SDUBot\Helper_SDUBot\target\classes started by Dimash in C:\Users\Dimash\OneDrive\Рабочий стол\Helper_SDUBot)
2024-12-06 18:38:22,469 INFO P.H.HelperSduBotApplication [main] No active profile set, falling back to 1 default profile: "default"
2024-12-06 18:38:23,980 INFO P.H.HelperSduBotApplication [main] Started HelperSduBotApplication in 1.876 seconds (process running for 2.803)
2024-12-06 18:38:26,994 INFO P.H.s.SHA_MainService [Sdu_HelperAppBot Telegram Executor] Answered to user
2024-12-06 18:38:27,299 ERROR o.t.t.u.DefaultBotSession [Sdu_HelperAppBot Telegram Executor] Cannot invoke "org.telegram.telegrambots.meta.api.objects.CallbackQuery.getData()" because the return value of "org.telegram.telegrambots.meta.api.objects.Update.getCallbackQuery()" is null
java.lang.NullPointerException: Cannot invoke "org.telegram.telegrambots.meta.api.objects.CallbackQuery.getData()" because the return value of "org.telegram.telegrambots.meta.api.objects.Update.getCallbackQuery()" is null
	at Project.Helper_SDUBot.service.SHA_MainService.onUpdateReceived(SHA_MainService.java:46)
	at java.base/java.util.ArrayList.forEach(ArrayList.java:1596)
	at org.telegram.telegrambots.meta.generics.LongPollingBot.onUpdatesReceived(LongPollingBot.java:27)
	at org.telegram.telegrambots.updatesreceivers.DefaultBotSession$HandlerThread.run(DefaultBotSession.java:312)
2024-12-06 18:42:21,240 INFO P.H.HelperSduBotApplication [main] Starting HelperSduBotApplication using Java 21.0.5 with PID 10312 (C:\Users\Dimash\OneDrive\Рабочий стол\Helper_SDUBot\Helper_SDUBot\target\classes started by Dimash in C:\Users\Dimash\OneDrive\Рабочий стол\Helper_SDUBot)
2024-12-06 18:42:21,241 INFO P.H.HelperSduBotApplication [main] No active profile set, falling back to 1 default profile: "default"
2024-12-06 18:42:23,137 INFO P.H.HelperSduBotApplication [main] Started HelperSduBotApplication in 2.222 seconds (process running for 3.082)
2024-12-06 18:42:27,400 INFO P.H.s.SHA_MainService [Sdu_HelperAppBot Telegram Executor] Answered to user
